<?xml version="1.0" encoding="UTF-8"?>
<testng-results skipped="0" failed="0" ignored="0" total="1" passed="1">
  <reporter-output>
  </reporter-output>
  <suite name="Wallet" duration-ms="15988" started-at="2019-04-07T06:48:25Z" finished-at="2019-04-07T06:48:41Z">
    <groups>
    </groups>
    <test name="Tests" duration-ms="15988" started-at="2019-04-07T06:48:25Z" finished-at="2019-04-07T06:48:41Z">
      <class name="com.facebook.test.FaceBookSignUpTest">
        <test-method status="PASS" signature="setup()[pri:0, instance:com.facebook.test.FaceBookSignUpTest@90f6bfd]" name="setup" is-config="true" duration-ms="5151" started-at="2019-04-07T06:48:25Z" finished-at="2019-04-07T06:48:30Z">
          <reporter-output>
          </reporter-output>
        </test-method> <!-- setup -->
        <test-method status="PASS" signature="validCredentialsSignUpTest()[pri:0, instance:com.facebook.test.FaceBookSignUpTest@90f6bfd]" name="validCredentialsSignUpTest" duration-ms="10167" started-at="2019-04-07T06:48:30Z" finished-at="2019-04-07T06:48:40Z">
          <reporter-output>
          </reporter-output>
        </test-method> <!-- validCredentialsSignUpTest -->
        <test-method status="PASS" signature="teardown()[pri:0, instance:com.facebook.test.FaceBookSignUpTest@90f6bfd]" name="teardown" is-config="true" duration-ms="646" started-at="2019-04-07T06:48:40Z" finished-at="2019-04-07T06:48:41Z">
          <reporter-output>
          </reporter-output>
        </test-method> <!-- teardown -->
      </class> <!-- com.facebook.test.FaceBookSignUpTest -->
    </test> <!-- Tests -->
  </suite> <!-- Wallet -->
</testng-results>
